<?xml version="1.0" encoding="UTF-8"?>
<!-- Generated by org.testng.reporters.JUnitReportReporter -->
<testsuite skipped="0" hostname="Murgesh" name="com.automation.amazonTest.AmazonFlipkart" tests="3" failures="0" timestamp="24 Jun 2022 14:55:19 GMT" time="196.640" errors="0">
  <testcase name="bigBasket" time="61.714" classname="com.automation.amazonTest.AmazonFlipkart"/>
  <testcase name="testAmazon" time="72.397" classname="com.automation.amazonTest.AmazonFlipkart"/>
  <testcase name="testFlipkart" time="62.529" classname="com.automation.amazonTest.AmazonFlipkart"/>
</testsuite> <!-- com.automation.amazonTest.AmazonFlipkart -->
