<?xml version="1.0" encoding="UTF-8"?>
<!-- Generated by org.testng.reporters.JUnitReportReporter -->
<testsuite skipped="0" hostname="Murgesh" name="com.automation.amazonTest.AmazonFlipkart" tests="1" failures="0" timestamp="24 Jun 2022 11:28:51 GMT" time="10.905" errors="0">
  <testcase name="amazon" time="10.905" classname="com.automation.amazonTest.AmazonFlipkart"/>
</testsuite> <!-- com.automation.amazonTest.AmazonFlipkart -->
